2021-02-04 16:42:50 - root - INFO: - 等待元素: id,com.nowcoder.app.florida:id/gotoLoginView
2021-02-04 16:42:51 - root - INFO: - 等待结束，等待时长为：0:00:01.350213
2021-02-04 16:42:51 - root - INFO: - 查找元素：id,com.nowcoder.app.florida:id/gotoLoginView
2021-02-04 16:42:51 - root - INFO: - 点击元素：id,com.nowcoder.app.florida:id/gotoLoginView
2021-02-04 16:42:52 - root - INFO: - 等待元素: id,com.nowcoder.app.florida:id/btn_switch_veritype
2021-02-04 16:42:52 - root - INFO: - 等待结束，等待时长为：0:00:00.068341
2021-02-04 16:42:52 - root - INFO: - 查找元素：id,com.nowcoder.app.florida:id/btn_switch_veritype
2021-02-04 16:42:53 - root - INFO: - 点击元素：id,com.nowcoder.app.florida:id/btn_switch_veritype
2021-02-04 16:42:53 - root - INFO: - 等待元素: id,com.nowcoder.app.florida:id/goto_oversea_page
2021-02-04 16:42:53 - root - INFO: - 等待结束，等待时长为：0:00:00.633767
2021-02-04 16:42:53 - root - INFO: - 查找元素：id,com.nowcoder.app.florida:id/goto_oversea_page
2021-02-04 16:42:53 - root - INFO: - 点击元素：id,com.nowcoder.app.florida:id/goto_oversea_page
2021-02-04 16:42:53 - root - INFO: - 查找元素：id,com.nowcoder.app.florida:id/country_textview
2021-02-04 16:42:54 - root - INFO: - 点击元素：id,com.nowcoder.app.florida:id/country_textview
2021-02-04 16:42:54 - root - INFO: - 等待元素: id,com.nowcoder.app.florida:id/item_relative
2021-02-04 16:42:56 - root - INFO: - 等待结束，等待时长为：0:00:01.937395
2021-02-04 16:42:56 - root - INFO: - 点击元素：id,com.nowcoder.app.florida:id/item_relative
2021-02-04 16:42:56 - root - INFO: - 等待元素: id,com.nowcoder.app.florida:id/loginnumber_phones
2021-02-04 16:42:57 - root - INFO: - 等待结束，等待时长为：0:00:01.220077
2021-02-04 16:42:57 - root - INFO: - 查找元素：id,com.nowcoder.app.florida:id/loginnumber_phones
2021-02-04 16:42:57 - root - INFO: - 输入数据：5678250990
2021-02-04 16:42:58 - root - INFO: - 查找元素：id,com.nowcoder.app.florida:id/loginnumber_password
2021-02-04 16:42:58 - root - INFO: - 输入数据：Aa112211
2021-02-04 16:42:58 - root - INFO: - 查找元素：id,com.nowcoder.app.florida:id/go_numberlogin
2021-02-04 16:42:59 - root - INFO: - 点击元素：id,com.nowcoder.app.florida:id/go_numberlogin
2021-02-04 16:42:59 - root - INFO: - 等待元素: id,com.nowcoder.app.florida:id/tab_profile
2021-02-04 16:43:11 - root - INFO: - 等待结束，等待时长为：0:00:12.158671
2021-02-04 16:43:11 - root - INFO: - 查找元素：id,com.nowcoder.app.florida:id/tab_profile
2021-02-04 16:43:11 - root - INFO: - 点击元素：id,com.nowcoder.app.florida:id/tab_profile
2021-02-04 16:43:11 - root - INFO: - 查找元素：id,com.nowcoder.app.florida:id/setting_layout
2021-02-04 16:43:12 - root - INFO: - 点击元素：id,com.nowcoder.app.florida:id/setting_layout
2021-02-04 16:43:16 - root - INFO: - 等待元素: id,com.nowcoder.app.florida:id/logout_text_view
2021-02-04 16:43:16 - root - INFO: - 等待结束，等待时长为：0:00:00.121061
2021-02-04 16:43:16 - root - INFO: - 等待元素: id,com.nowcoder.app.florida:id/loginnumber_phones
