2021-02-05 15:42:33 - root - INFO: - 等待元素: id,com.nowcoder.app.florida:id/gotoLoginView
2021-02-05 15:42:34 - root - INFO: - 等待结束，等待时长为：0:00:01.126638
2021-02-05 15:42:34 - root - INFO: - 查找元素：id,com.nowcoder.app.florida:id/gotoLoginView
2021-02-05 15:42:34 - root - INFO: - 点击元素：id,com.nowcoder.app.florida:id/gotoLoginView
2021-02-05 15:42:34 - root - INFO: - 等待元素: id,com.nowcoder.app.florida:id/btn_switch_veritype
2021-02-05 15:42:35 - root - INFO: - 等待结束，等待时长为：0:00:01.269693
2021-02-05 15:42:35 - root - INFO: - 查找元素：id,com.nowcoder.app.florida:id/btn_switch_veritype
2021-02-05 15:42:35 - root - INFO: - 点击元素：id,com.nowcoder.app.florida:id/btn_switch_veritype
2021-02-05 15:42:35 - root - INFO: - 等待元素: id,com.nowcoder.app.florida:id/goto_oversea_page
2021-02-05 15:42:36 - root - INFO: - 等待结束，等待时长为：0:00:00.638065
2021-02-05 15:42:36 - root - INFO: - 查找元素：id,com.nowcoder.app.florida:id/goto_oversea_page
2021-02-05 15:42:36 - root - INFO: - 点击元素：id,com.nowcoder.app.florida:id/goto_oversea_page
2021-02-05 15:42:36 - root - INFO: - 查找元素：id,com.nowcoder.app.florida:id/country_textview
2021-02-05 15:42:36 - root - INFO: - 点击元素：id,com.nowcoder.app.florida:id/country_textview
2021-02-05 15:42:36 - root - INFO: - 等待元素: id,com.nowcoder.app.florida:id/item_relative
2021-02-05 15:42:38 - root - INFO: - 等待结束，等待时长为：0:00:01.411814
2021-02-05 15:42:38 - root - INFO: - 点击元素：id,com.nowcoder.app.florida:id/item_relative
2021-02-05 15:42:38 - root - INFO: - 等待元素: id,com.nowcoder.app.florida:id/loginnumber_phones
2021-02-05 15:42:39 - root - INFO: - 等待结束，等待时长为：0:00:01.207712
2021-02-05 15:42:39 - root - INFO: - 查找元素：id,com.nowcoder.app.florida:id/loginnumber_phones
2021-02-05 15:42:39 - root - INFO: - 输入数据：5678250990
2021-02-05 15:42:40 - root - INFO: - 查找元素：id,com.nowcoder.app.florida:id/loginnumber_password
2021-02-05 15:42:40 - root - INFO: - 输入数据：Aa112211
2021-02-05 15:42:40 - root - INFO: - 查找元素：id,com.nowcoder.app.florida:id/go_numberlogin
2021-02-05 15:42:41 - root - INFO: - 点击元素：id,com.nowcoder.app.florida:id/go_numberlogin
2021-02-05 15:42:41 - root - INFO: - 等待元素: id,com.nowcoder.app.florida:id/tab_profile
2021-02-05 15:42:53 - root - INFO: - 等待结束，等待时长为：0:00:11.807570
2021-02-05 15:42:53 - root - INFO: - 查找元素：id,com.nowcoder.app.florida:id/tab_profile
2021-02-05 15:42:53 - root - INFO: - 点击元素：id,com.nowcoder.app.florida:id/tab_profile
2021-02-05 15:42:53 - root - INFO: - 查找元素：id,com.nowcoder.app.florida:id/setting_layout
2021-02-05 15:42:55 - root - INFO: - 点击元素：id,com.nowcoder.app.florida:id/setting_layout
2021-02-05 15:42:58 - root - INFO: - 等待元素: id,com.nowcoder.app.florida:id/logout_text_view
2021-02-05 15:42:58 - root - INFO: - 等待结束，等待时长为：0:00:00.106416
2021-02-05 15:42:58 - root - INFO: - 等待元素: id,com.nowcoder.app.florida:id/loginnumber_phones
2021-02-05 15:43:19 - root - ERROR: - 等待 id,com.nowcoder.app.florida:id/loginnumber_phones 元素可见失败！！！
Traceback (most recent call last):
  File "D:\Projects\PythonAppium\Common\basepage.py", line 63, in wait_eleVisible
    WebDriverWait(self.driver, 20).until(EC.visibility_of_element_located(loc))
  File "C:\Program Files\Python36\lib\site-packages\selenium\webdriver\support\wait.py", line 80, in until
    raise TimeoutException(message, screen, stacktrace)
selenium.common.exceptions.TimeoutException: Message: 

2021-02-05 15:43:19 - root - INFO: - 等待元素: id,com.nowcoder.app.florida:id/loginnumber_phones
