2021-02-05 15:49:04 - root - INFO: - 等待元素: id,com.nowcoder.app.florida:id/gotoLoginView
2021-02-05 15:49:04 - root - INFO: - 等待结束，等待时长为：0:00:00.495958
2021-02-05 15:49:04 - root - INFO: - 查找元素：id,com.nowcoder.app.florida:id/gotoLoginView
2021-02-05 15:49:04 - root - INFO: - 点击元素：id,com.nowcoder.app.florida:id/gotoLoginView
2021-02-05 15:49:06 - root - INFO: - 等待元素: id,com.nowcoder.app.florida:id/btn_switch_veritype
2021-02-05 15:49:06 - root - INFO: - 等待结束，等待时长为：0:00:00.055650
2021-02-05 15:49:06 - root - INFO: - 查找元素：id,com.nowcoder.app.florida:id/btn_switch_veritype
2021-02-05 15:49:06 - root - INFO: - 点击元素：id,com.nowcoder.app.florida:id/btn_switch_veritype
2021-02-05 15:49:06 - root - INFO: - 等待元素: id,com.nowcoder.app.florida:id/goto_oversea_page
2021-02-05 15:49:07 - root - INFO: - 等待结束，等待时长为：0:00:00.641932
2021-02-05 15:49:07 - root - INFO: - 查找元素：id,com.nowcoder.app.florida:id/goto_oversea_page
2021-02-05 15:49:07 - root - INFO: - 点击元素：id,com.nowcoder.app.florida:id/goto_oversea_page
2021-02-05 15:49:07 - root - INFO: - 查找元素：id,com.nowcoder.app.florida:id/country_textview
2021-02-05 15:49:07 - root - INFO: - 点击元素：id,com.nowcoder.app.florida:id/country_textview
2021-02-05 15:49:07 - root - INFO: - 等待元素: id,com.nowcoder.app.florida:id/item_relative
2021-02-05 15:49:09 - root - INFO: - 等待结束，等待时长为：0:00:01.912321
2021-02-05 15:49:09 - root - INFO: - 点击元素：id,com.nowcoder.app.florida:id/item_relative
2021-02-05 15:49:09 - root - INFO: - 等待元素: id,com.nowcoder.app.florida:id/loginnumber_phones
2021-02-05 15:49:11 - root - INFO: - 等待结束，等待时长为：0:00:01.242229
2021-02-05 15:49:11 - root - INFO: - 查找元素：id,com.nowcoder.app.florida:id/loginnumber_phones
2021-02-05 15:49:11 - root - INFO: - 输入数据：
2021-02-05 15:49:11 - root - INFO: - 查找元素：id,com.nowcoder.app.florida:id/loginnumber_password
2021-02-05 15:49:12 - root - INFO: - 输入数据：
2021-02-05 15:49:12 - root - INFO: - 查找元素：id,com.nowcoder.app.florida:id/go_numberlogin
2021-02-05 15:49:12 - root - INFO: - 点击元素：id,com.nowcoder.app.florida:id/go_numberlogin
2021-02-05 15:49:13 - root - INFO: - 等待元素: id,com.nowcoder.app.florida:id/loginnumber_phones
2021-02-05 15:49:13 - root - INFO: - 等待结束，等待时长为：0:00:00.053741
2021-02-05 15:49:13 - root - INFO: - 查找元素：id,com.nowcoder.app.florida:id/loginnumber_phones
2021-02-05 15:49:13 - root - INFO: - 输入数据：   
2021-02-05 15:49:14 - root - INFO: - 查找元素：id,com.nowcoder.app.florida:id/loginnumber_password
2021-02-05 15:49:14 - root - INFO: - 输入数据：123456
2021-02-05 15:49:14 - root - INFO: - 查找元素：id,com.nowcoder.app.florida:id/go_numberlogin
2021-02-05 15:49:15 - root - INFO: - 点击元素：id,com.nowcoder.app.florida:id/go_numberlogin
2021-02-05 15:49:16 - root - INFO: - 等待元素: id,com.nowcoder.app.florida:id/loginnumber_phones
2021-02-05 15:49:16 - root - INFO: - 等待结束，等待时长为：0:00:00.058115
2021-02-05 15:49:16 - root - INFO: - 查找元素：id,com.nowcoder.app.florida:id/loginnumber_phones
2021-02-05 15:49:16 - root - INFO: - 输入数据：5678250990
2021-02-05 15:49:16 - root - INFO: - 查找元素：id,com.nowcoder.app.florida:id/loginnumber_password
2021-02-05 15:49:17 - root - INFO: - 输入数据：
2021-02-05 15:49:17 - root - INFO: - 查找元素：id,com.nowcoder.app.florida:id/go_numberlogin
2021-02-05 15:49:17 - root - INFO: - 点击元素：id,com.nowcoder.app.florida:id/go_numberlogin
2021-02-05 15:49:18 - root - INFO: - 等待元素: id,com.nowcoder.app.florida:id/loginnumber_phones
2021-02-05 15:49:18 - root - INFO: - 等待结束，等待时长为：0:00:00.039053
2021-02-05 15:49:18 - root - INFO: - 查找元素：id,com.nowcoder.app.florida:id/loginnumber_phones
2021-02-05 15:49:18 - root - INFO: - 输入数据：111
2021-02-05 15:49:19 - root - INFO: - 查找元素：id,com.nowcoder.app.florida:id/loginnumber_password
2021-02-05 15:49:19 - root - INFO: - 输入数据：111
2021-02-05 15:49:19 - root - INFO: - 查找元素：id,com.nowcoder.app.florida:id/go_numberlogin
2021-02-05 15:49:20 - root - INFO: - 点击元素：id,com.nowcoder.app.florida:id/go_numberlogin
2021-02-05 15:49:21 - root - INFO: - 等待元素: id,com.nowcoder.app.florida:id/loginnumber_phones
2021-02-05 15:49:21 - root - INFO: - 等待结束，等待时长为：0:00:00.102608
2021-02-05 15:49:21 - root - INFO: - 查找元素：id,com.nowcoder.app.florida:id/loginnumber_phones
2021-02-05 15:49:21 - root - INFO: - 输入数据：111qw
2021-02-05 15:49:22 - root - INFO: - 查找元素：id,com.nowcoder.app.florida:id/loginnumber_password
2021-02-05 15:49:22 - root - INFO: - 输入数据：111
2021-02-05 15:49:22 - root - INFO: - 查找元素：id,com.nowcoder.app.florida:id/go_numberlogin
2021-02-05 15:49:23 - root - INFO: - 点击元素：id,com.nowcoder.app.florida:id/go_numberlogin
2021-02-05 15:49:24 - root - INFO: - 等待元素: id,com.nowcoder.app.florida:id/loginnumber_phones
2021-02-05 15:49:24 - root - INFO: - 等待结束，等待时长为：0:00:00.046860
2021-02-05 15:49:24 - root - INFO: - 查找元素：id,com.nowcoder.app.florida:id/loginnumber_phones
2021-02-05 15:49:24 - root - INFO: - 输入数据：5678250990
2021-02-05 15:49:25 - root - INFO: - 查找元素：id,com.nowcoder.app.florida:id/loginnumber_password
2021-02-05 15:49:25 - root - INFO: - 输入数据：Aa112211
2021-02-05 15:49:25 - root - INFO: - 查找元素：id,com.nowcoder.app.florida:id/go_numberlogin
2021-02-05 15:49:26 - root - INFO: - 点击元素：id,com.nowcoder.app.florida:id/go_numberlogin
2021-02-05 15:49:26 - root - INFO: - 等待元素: id,com.nowcoder.app.florida:id/tab_profile
2021-02-05 15:49:37 - root - INFO: - 等待结束，等待时长为：0:00:10.947316
2021-02-05 15:49:37 - root - INFO: - 查找元素：id,com.nowcoder.app.florida:id/tab_profile
2021-02-05 15:49:37 - root - INFO: - 点击元素：id,com.nowcoder.app.florida:id/tab_profile
2021-02-05 15:49:37 - root - INFO: - 查找元素：id,com.nowcoder.app.florida:id/setting_layout
2021-02-05 15:49:39 - root - INFO: - 点击元素：id,com.nowcoder.app.florida:id/setting_layout
2021-02-05 15:49:42 - root - INFO: - 等待元素: id,com.nowcoder.app.florida:id/logout_text_view
2021-02-05 15:49:42 - root - INFO: - 等待结束，等待时长为：0:00:00.091771
