2021-02-05 15:46:28 - root - INFO: - 等待元素: id,com.nowcoder.app.florida:id/gotoLoginView
2021-02-05 15:46:29 - root - INFO: - 等待结束，等待时长为：0:00:01.029012
2021-02-05 15:46:29 - root - INFO: - 查找元素：id,com.nowcoder.app.florida:id/gotoLoginView
2021-02-05 15:46:29 - root - INFO: - 点击元素：id,com.nowcoder.app.florida:id/gotoLoginView
2021-02-05 15:46:30 - root - INFO: - 等待元素: id,com.nowcoder.app.florida:id/btn_switch_veritype
2021-02-05 15:46:31 - root - INFO: - 等待结束，等待时长为：0:00:00.064434
2021-02-05 15:46:31 - root - INFO: - 查找元素：id,com.nowcoder.app.florida:id/btn_switch_veritype
2021-02-05 15:46:31 - root - INFO: - 点击元素：id,com.nowcoder.app.florida:id/btn_switch_veritype
2021-02-05 15:46:31 - root - INFO: - 等待元素: id,com.nowcoder.app.florida:id/goto_oversea_page
2021-02-05 15:46:31 - root - INFO: - 等待结束，等待时长为：0:00:00.667953
2021-02-05 15:46:31 - root - INFO: - 查找元素：id,com.nowcoder.app.florida:id/goto_oversea_page
2021-02-05 15:46:31 - root - INFO: - 点击元素：id,com.nowcoder.app.florida:id/goto_oversea_page
2021-02-05 15:46:31 - root - INFO: - 查找元素：id,com.nowcoder.app.florida:id/country_textview
2021-02-05 15:46:32 - root - INFO: - 点击元素：id,com.nowcoder.app.florida:id/country_textview
2021-02-05 15:46:32 - root - INFO: - 等待元素: id,com.nowcoder.app.florida:id/item_relative
2021-02-05 15:46:34 - root - INFO: - 等待结束，等待时长为：0:00:02.238521
2021-02-05 15:46:34 - root - INFO: - 点击元素：id,com.nowcoder.app.florida:id/item_relative
2021-02-05 15:46:34 - root - INFO: - 等待元素: id,com.nowcoder.app.florida:id/loginnumber_phones
2021-02-05 15:46:36 - root - INFO: - 等待结束，等待时长为：0:00:01.229145
2021-02-05 15:46:36 - root - INFO: - 查找元素：id,com.nowcoder.app.florida:id/loginnumber_phones
2021-02-05 15:46:36 - root - INFO: - 输入数据：5678250990
2021-02-05 15:46:36 - root - INFO: - 查找元素：id,com.nowcoder.app.florida:id/loginnumber_password
2021-02-05 15:46:37 - root - INFO: - 输入数据：Aa112211
2021-02-05 15:46:37 - root - INFO: - 查找元素：id,com.nowcoder.app.florida:id/go_numberlogin
2021-02-05 15:46:37 - root - INFO: - 点击元素：id,com.nowcoder.app.florida:id/go_numberlogin
2021-02-05 15:46:37 - root - INFO: - 等待元素: id,com.nowcoder.app.florida:id/tab_profile
2021-02-05 15:46:50 - root - INFO: - 等待结束，等待时长为：0:00:12.683563
2021-02-05 15:46:50 - root - INFO: - 查找元素：id,com.nowcoder.app.florida:id/tab_profile
2021-02-05 15:46:51 - root - INFO: - 点击元素：id,com.nowcoder.app.florida:id/tab_profile
