2021-02-05 15:40:46 - root - INFO: - 等待元素: id,com.nowcoder.app.florida:id/gotoLoginView
2021-02-05 15:40:54 - root - INFO: - 等待结束，等待时长为：0:00:07.458116
2021-02-05 15:40:54 - root - INFO: - 查找元素：id,com.nowcoder.app.florida:id/gotoLoginView
2021-02-05 15:40:54 - root - INFO: - 点击元素：id,com.nowcoder.app.florida:id/gotoLoginView
2021-02-05 15:40:54 - root - INFO: - 等待元素: id,com.nowcoder.app.florida:id/btn_switch_veritype
2021-02-05 15:40:56 - root - INFO: - 等待结束，等待时长为：0:00:01.829122
2021-02-05 15:40:56 - root - INFO: - 查找元素：id,com.nowcoder.app.florida:id/btn_switch_veritype
2021-02-05 15:40:56 - root - INFO: - 点击元素：id,com.nowcoder.app.florida:id/btn_switch_veritype
2021-02-05 15:40:56 - root - INFO: - 等待元素: id,com.nowcoder.app.florida:id/goto_oversea_page
2021-02-05 15:40:56 - root - INFO: - 等待结束，等待时长为：0:00:00.665877
2021-02-05 15:40:56 - root - INFO: - 查找元素：id,com.nowcoder.app.florida:id/goto_oversea_page
2021-02-05 15:40:56 - root - INFO: - 点击元素：id,com.nowcoder.app.florida:id/goto_oversea_page
2021-02-05 15:40:56 - root - INFO: - 查找元素：id,com.nowcoder.app.florida:id/country_textview
2021-02-05 15:40:57 - root - INFO: - 点击元素：id,com.nowcoder.app.florida:id/country_textview
2021-02-05 15:40:57 - root - INFO: - 等待元素: id,com.nowcoder.app.florida:id/item_relative
2021-02-05 15:40:58 - root - INFO: - 等待结束，等待时长为：0:00:01.436154
2021-02-05 15:40:58 - root - INFO: - 点击元素：id,com.nowcoder.app.florida:id/item_relative
2021-02-05 15:40:59 - root - INFO: - 等待元素: id,com.nowcoder.app.florida:id/loginnumber_phones
2021-02-05 15:41:00 - root - INFO: - 等待结束，等待时长为：0:00:01.755597
2021-02-05 15:41:00 - root - INFO: - 查找元素：id,com.nowcoder.app.florida:id/loginnumber_phones
2021-02-05 15:41:00 - root - INFO: - 输入数据：5678250990
2021-02-05 15:41:01 - root - INFO: - 查找元素：id,com.nowcoder.app.florida:id/loginnumber_password
2021-02-05 15:41:01 - root - INFO: - 输入数据：Aa112211
2021-02-05 15:41:02 - root - INFO: - 查找元素：id,com.nowcoder.app.florida:id/go_numberlogin
2021-02-05 15:41:02 - root - INFO: - 点击元素：id,com.nowcoder.app.florida:id/go_numberlogin
2021-02-05 15:41:02 - root - INFO: - 等待元素: id,com.nowcoder.app.florida:id/tab_profile
2021-02-05 15:41:22 - root - ERROR: - 等待 id,com.nowcoder.app.florida:id/tab_profile 元素可见失败！！！
Traceback (most recent call last):
  File "D:\Projects\PythonAppium\Common\basepage.py", line 63, in wait_eleVisible
    WebDriverWait(self.driver, 20).until(EC.visibility_of_element_located(loc))
  File "C:\Program Files\Python36\lib\site-packages\selenium\webdriver\support\wait.py", line 80, in until
    raise TimeoutException(message, screen, stacktrace)
selenium.common.exceptions.TimeoutException: Message: 

2021-02-05 15:41:23 - root - INFO: - 等待元素: id,com.nowcoder.app.florida:id/loginnumber_phones
2021-02-05 15:41:43 - root - ERROR: - 等待 id,com.nowcoder.app.florida:id/loginnumber_phones 元素可见失败！！！
Traceback (most recent call last):
  File "D:\Projects\PythonAppium\Common\basepage.py", line 63, in wait_eleVisible
    WebDriverWait(self.driver, 20).until(EC.visibility_of_element_located(loc))
  File "C:\Program Files\Python36\lib\site-packages\selenium\webdriver\support\wait.py", line 80, in until
    raise TimeoutException(message, screen, stacktrace)
selenium.common.exceptions.TimeoutException: Message: 

2021-02-05 15:41:44 - root - INFO: - 等待元素: id,com.nowcoder.app.florida:id/loginnumber_phones
2021-02-05 15:42:04 - root - ERROR: - 等待 id,com.nowcoder.app.florida:id/loginnumber_phones 元素可见失败！！！
Traceback (most recent call last):
  File "D:\Projects\PythonAppium\Common\basepage.py", line 63, in wait_eleVisible
    WebDriverWait(self.driver, 20).until(EC.visibility_of_element_located(loc))
  File "C:\Program Files\Python36\lib\site-packages\selenium\webdriver\support\wait.py", line 80, in until
    raise TimeoutException(message, screen, stacktrace)
selenium.common.exceptions.TimeoutException: Message: 

2021-02-05 15:42:04 - root - INFO: - 等待元素: id,com.nowcoder.app.florida:id/loginnumber_phones
