2021-02-04 17:22:22 - root - INFO: - 等待元素: id,com.nowcoder.app.florida:id/gotoLoginView
2021-02-04 17:22:33 - root - INFO: - 等待结束，等待时长为：0:00:11.097520
2021-02-04 17:22:33 - root - INFO: - 查找元素：id,com.nowcoder.app.florida:id/gotoLoginView
2021-02-04 17:22:33 - root - INFO: - 点击元素：id,com.nowcoder.app.florida:id/gotoLoginView
2021-02-04 17:22:33 - root - INFO: - 等待元素: id,com.nowcoder.app.florida:id/btn_switch_veritype
2021-02-04 17:22:35 - root - INFO: - 等待结束，等待时长为：0:00:02.251091
2021-02-04 17:22:35 - root - INFO: - 查找元素：id,com.nowcoder.app.florida:id/btn_switch_veritype
2021-02-04 17:22:35 - root - INFO: - 点击元素：id,com.nowcoder.app.florida:id/btn_switch_veritype
2021-02-04 17:22:35 - root - INFO: - 等待元素: id,com.nowcoder.app.florida:id/goto_oversea_page
2021-02-04 17:22:36 - root - INFO: - 等待结束，等待时长为：0:00:00.642383
2021-02-04 17:22:36 - root - INFO: - 查找元素：id,com.nowcoder.app.florida:id/goto_oversea_page
2021-02-04 17:22:36 - root - INFO: - 点击元素：id,com.nowcoder.app.florida:id/goto_oversea_page
2021-02-04 17:22:36 - root - INFO: - 查找元素：id,com.nowcoder.app.florida:id/country_textview
2021-02-04 17:22:37 - root - INFO: - 点击元素：id,com.nowcoder.app.florida:id/country_textview
2021-02-04 17:22:37 - root - INFO: - 等待元素: id,com.nowcoder.app.florida:id/item_relative
2021-02-04 17:22:39 - root - INFO: - 等待结束，等待时长为：0:00:02.020433
2021-02-04 17:22:39 - root - INFO: - 点击元素：id,com.nowcoder.app.florida:id/item_relative
2021-02-04 17:22:39 - root - INFO: - 等待元素: id,com.nowcoder.app.florida:id/loginnumber_phones
2021-02-04 17:22:40 - root - INFO: - 等待结束，等待时长为：0:00:01.278062
2021-02-04 17:22:40 - root - INFO: - 查找元素：id,com.nowcoder.app.florida:id/loginnumber_phones
2021-02-04 17:22:40 - root - INFO: - 输入数据：5678250990
2021-02-04 17:22:41 - root - INFO: - 查找元素：id,com.nowcoder.app.florida:id/loginnumber_password
2021-02-04 17:22:41 - root - INFO: - 输入数据：Aa112211
2021-02-04 17:22:41 - root - INFO: - 查找元素：id,com.nowcoder.app.florida:id/go_numberlogin
2021-02-04 17:22:42 - root - INFO: - 点击元素：id,com.nowcoder.app.florida:id/go_numberlogin
2021-02-04 17:22:42 - root - INFO: - 等待元素: id,com.nowcoder.app.florida:id/tab_profile
2021-02-04 17:22:57 - root - INFO: - 等待结束，等待时长为：0:00:15.440888
2021-02-04 17:22:57 - root - INFO: - 查找元素：id,com.nowcoder.app.florida:id/tab_profile
2021-02-04 17:22:58 - root - INFO: - 点击元素：id,com.nowcoder.app.florida:id/tab_profile
2021-02-04 17:22:58 - root - INFO: - 查找元素：id,com.nowcoder.app.florida:id/setting_layout
2021-02-04 17:22:59 - root - INFO: - 点击元素：id,com.nowcoder.app.florida:id/setting_layout
2021-02-04 17:23:05 - root - INFO: - 等待元素: id,com.nowcoder.app.florida:id/logout_text_view
2021-02-04 17:23:05 - root - INFO: - 等待结束，等待时长为：0:00:00.108369
2021-02-04 17:23:05 - root - INFO: - 等待元素: id,com.nowcoder.app.florida:id/loginnumber_phones
2021-02-04 17:23:25 - root - ERROR: - 等待 id,com.nowcoder.app.florida:id/loginnumber_phones 元素可见失败！！！
Traceback (most recent call last):
  File "D:\Projects\PythonAppium\Common\basepage.py", line 63, in wait_eleVisible
    WebDriverWait(self.driver, 20).until(EC.visibility_of_element_located(loc))
  File "C:\Program Files\Python36\lib\site-packages\selenium\webdriver\support\wait.py", line 80, in until
    raise TimeoutException(message, screen, stacktrace)
selenium.common.exceptions.TimeoutException: Message: 

2021-02-04 17:23:26 - root - INFO: - 等待元素: id,com.nowcoder.app.florida:id/loginnumber_phones
2021-02-04 17:23:46 - root - ERROR: - 等待 id,com.nowcoder.app.florida:id/loginnumber_phones 元素可见失败！！！
Traceback (most recent call last):
  File "D:\Projects\PythonAppium\Common\basepage.py", line 63, in wait_eleVisible
    WebDriverWait(self.driver, 20).until(EC.visibility_of_element_located(loc))
  File "C:\Program Files\Python36\lib\site-packages\selenium\webdriver\support\wait.py", line 80, in until
    raise TimeoutException(message, screen, stacktrace)
selenium.common.exceptions.TimeoutException: Message: 

2021-02-04 17:23:46 - root - INFO: - 等待元素: id,com.nowcoder.app.florida:id/loginnumber_phones
2021-02-04 17:24:06 - root - ERROR: - 等待 id,com.nowcoder.app.florida:id/loginnumber_phones 元素可见失败！！！
Traceback (most recent call last):
  File "D:\Projects\PythonAppium\Common\basepage.py", line 63, in wait_eleVisible
    WebDriverWait(self.driver, 20).until(EC.visibility_of_element_located(loc))
  File "C:\Program Files\Python36\lib\site-packages\selenium\webdriver\support\wait.py", line 80, in until
    raise TimeoutException(message, screen, stacktrace)
selenium.common.exceptions.TimeoutException: Message: 

2021-02-04 17:24:06 - root - INFO: - 等待元素: id,com.nowcoder.app.florida:id/loginnumber_phones
2021-02-04 17:24:27 - root - ERROR: - 等待 id,com.nowcoder.app.florida:id/loginnumber_phones 元素可见失败！！！
Traceback (most recent call last):
  File "D:\Projects\PythonAppium\Common\basepage.py", line 63, in wait_eleVisible
    WebDriverWait(self.driver, 20).until(EC.visibility_of_element_located(loc))
  File "C:\Program Files\Python36\lib\site-packages\selenium\webdriver\support\wait.py", line 80, in until
    raise TimeoutException(message, screen, stacktrace)
selenium.common.exceptions.TimeoutException: Message: 

2021-02-04 17:24:27 - root - INFO: - 等待元素: id,com.nowcoder.app.florida:id/loginnumber_phones
2021-02-04 17:24:47 - root - ERROR: - 等待 id,com.nowcoder.app.florida:id/loginnumber_phones 元素可见失败！！！
Traceback (most recent call last):
  File "D:\Projects\PythonAppium\Common\basepage.py", line 63, in wait_eleVisible
    WebDriverWait(self.driver, 20).until(EC.visibility_of_element_located(loc))
  File "C:\Program Files\Python36\lib\site-packages\selenium\webdriver\support\wait.py", line 80, in until
    raise TimeoutException(message, screen, stacktrace)
selenium.common.exceptions.TimeoutException: Message: 

