2021-02-04 16:47:20 - root - INFO: - 等待元素: id,com.nowcoder.app.florida:id/gotoLoginView
2021-02-04 16:47:28 - root - INFO: - 等待结束，等待时长为：0:00:07.974489
2021-02-04 16:47:28 - root - INFO: - 查找元素：id,com.nowcoder.app.florida:id/gotoLoginView
2021-02-04 16:47:28 - root - INFO: - 点击元素：id,com.nowcoder.app.florida:id/gotoLoginView
2021-02-04 16:47:29 - root - INFO: - 等待元素: id,com.nowcoder.app.florida:id/btn_switch_veritype
2021-02-04 16:47:29 - root - INFO: - 等待结束，等待时长为：0:00:00.082985
2021-02-04 16:47:29 - root - INFO: - 查找元素：id,com.nowcoder.app.florida:id/btn_switch_veritype
2021-02-04 16:47:29 - root - INFO: - 点击元素：id,com.nowcoder.app.florida:id/btn_switch_veritype
2021-02-04 16:47:29 - root - INFO: - 等待元素: id,com.nowcoder.app.florida:id/goto_oversea_page
2021-02-04 16:47:30 - root - INFO: - 等待结束，等待时长为：0:00:00.693817
2021-02-04 16:47:30 - root - INFO: - 查找元素：id,com.nowcoder.app.florida:id/goto_oversea_page
2021-02-04 16:47:30 - root - INFO: - 点击元素：id,com.nowcoder.app.florida:id/goto_oversea_page
2021-02-04 16:47:30 - root - INFO: - 查找元素：id,com.nowcoder.app.florida:id/country_textview
2021-02-04 16:47:31 - root - INFO: - 点击元素：id,com.nowcoder.app.florida:id/country_textview
2021-02-04 16:47:31 - root - INFO: - 等待元素: id,com.nowcoder.app.florida:id/item_relative
2021-02-04 16:47:34 - root - INFO: - 等待结束，等待时长为：0:00:02.938757
2021-02-04 16:47:34 - root - INFO: - 点击元素：id,com.nowcoder.app.florida:id/item_relative
2021-02-04 16:47:34 - root - INFO: - 等待元素: id,com.nowcoder.app.florida:id/loginnumber_phones
2021-02-04 16:47:35 - root - INFO: - 等待结束，等待时长为：0:00:01.199350
2021-02-04 16:47:35 - root - INFO: - 查找元素：id,com.nowcoder.app.florida:id/loginnumber_phones
2021-02-04 16:47:35 - root - INFO: - 输入数据：
2021-02-04 16:47:35 - root - INFO: - 查找元素：id,com.nowcoder.app.florida:id/loginnumber_password
2021-02-04 16:47:36 - root - INFO: - 输入数据：
2021-02-04 16:47:36 - root - INFO: - 查找元素：id,com.nowcoder.app.florida:id/go_numberlogin
2021-02-04 16:47:36 - root - INFO: - 点击元素：id,com.nowcoder.app.florida:id/go_numberlogin
2021-02-04 16:47:37 - root - INFO: - 等待元素: id,com.nowcoder.app.florida:id/loginnumber_phones
2021-02-04 16:47:37 - root - INFO: - 等待结束，等待时长为：0:00:00.043935
2021-02-04 16:47:37 - root - INFO: - 查找元素：id,com.nowcoder.app.florida:id/loginnumber_phones
2021-02-04 16:47:37 - root - INFO: - 输入数据：   
2021-02-04 16:47:38 - root - INFO: - 查找元素：id,com.nowcoder.app.florida:id/loginnumber_password
2021-02-04 16:47:38 - root - INFO: - 输入数据：123456
2021-02-04 16:47:38 - root - INFO: - 查找元素：id,com.nowcoder.app.florida:id/go_numberlogin
2021-02-04 16:47:39 - root - INFO: - 点击元素：id,com.nowcoder.app.florida:id/go_numberlogin
2021-02-04 16:47:40 - root - INFO: - 等待元素: id,com.nowcoder.app.florida:id/loginnumber_phones
2021-02-04 16:47:40 - root - INFO: - 等待结束，等待时长为：0:00:00.042956
2021-02-04 16:47:40 - root - INFO: - 查找元素：id,com.nowcoder.app.florida:id/loginnumber_phones
2021-02-04 16:47:40 - root - INFO: - 输入数据：5678250990
2021-02-04 16:47:40 - root - INFO: - 查找元素：id,com.nowcoder.app.florida:id/loginnumber_password
2021-02-04 16:47:41 - root - INFO: - 输入数据：
2021-02-04 16:47:41 - root - INFO: - 查找元素：id,com.nowcoder.app.florida:id/go_numberlogin
2021-02-04 16:47:41 - root - INFO: - 点击元素：id,com.nowcoder.app.florida:id/go_numberlogin
2021-02-04 16:47:42 - root - INFO: - 等待元素: id,com.nowcoder.app.florida:id/loginnumber_phones
2021-02-04 16:47:42 - root - INFO: - 等待结束，等待时长为：0:00:00.043931
2021-02-04 16:47:42 - root - INFO: - 查找元素：id,com.nowcoder.app.florida:id/loginnumber_phones
2021-02-04 16:47:42 - root - INFO: - 输入数据：111
2021-02-04 16:47:43 - root - INFO: - 查找元素：id,com.nowcoder.app.florida:id/loginnumber_password
2021-02-04 16:47:43 - root - INFO: - 输入数据：111
2021-02-04 16:47:43 - root - INFO: - 查找元素：id,com.nowcoder.app.florida:id/go_numberlogin
2021-02-04 16:47:44 - root - INFO: - 点击元素：id,com.nowcoder.app.florida:id/go_numberlogin
2021-02-04 16:47:45 - root - INFO: - 等待元素: id,com.nowcoder.app.florida:id/loginnumber_phones
2021-02-04 16:47:45 - root - INFO: - 等待结束，等待时长为：0:00:00.043935
2021-02-04 16:47:45 - root - INFO: - 查找元素：id,com.nowcoder.app.florida:id/loginnumber_phones
2021-02-04 16:47:45 - root - INFO: - 输入数据：111qw
2021-02-04 16:47:46 - root - INFO: - 查找元素：id,com.nowcoder.app.florida:id/loginnumber_password
2021-02-04 16:47:46 - root - INFO: - 输入数据：111
2021-02-04 16:47:46 - root - INFO: - 查找元素：id,com.nowcoder.app.florida:id/go_numberlogin
2021-02-04 16:47:47 - root - INFO: - 点击元素：id,com.nowcoder.app.florida:id/go_numberlogin
2021-02-04 16:47:49 - root - INFO: - 等待元素: id,com.nowcoder.app.florida:id/logout_text_view
2021-02-04 16:48:10 - root - ERROR: - 等待 id,com.nowcoder.app.florida:id/logout_text_view 元素可见失败！！！
Traceback (most recent call last):
  File "D:\Projects\PythonAppium\Common\basepage.py", line 63, in wait_eleVisible
    WebDriverWait(self.driver, 20).until(EC.visibility_of_element_located(loc))
  File "C:\Program Files\Python36\lib\site-packages\selenium\webdriver\support\wait.py", line 80, in until
    raise TimeoutException(message, screen, stacktrace)
selenium.common.exceptions.TimeoutException: Message: 

