2021-02-02 21:59:39 - root - INFO: - 等待元素 id,com.nowcoder.app.florida:id/gotoLoginView 可见
2021-02-02 21:59:40 - root - INFO: - 等待结束，等待时长为：0:00:01.273084
2021-02-02 21:59:40 - root - INFO: - 查找元素：id,com.nowcoder.app.florida:id/gotoLoginView
2021-02-02 21:59:40 - root - INFO: - 点击元素：id,com.nowcoder.app.florida:id/gotoLoginView
2021-02-02 21:59:40 - root - INFO: - 等待元素 id,com.nowcoder.app.florida:id/btn_switch_veritype 可见
2021-02-02 21:59:43 - root - INFO: - 等待结束，等待时长为：0:00:03.355139
2021-02-02 21:59:43 - root - INFO: - 查找元素：id,com.nowcoder.app.florida:id/btn_switch_veritype
2021-02-02 21:59:43 - root - INFO: - 点击元素：id,com.nowcoder.app.florida:id/btn_switch_veritype
2021-02-02 21:59:43 - root - INFO: - 等待元素 id,com.nowcoder.app.florida:id/goto_oversea_page 可见
2021-02-02 21:59:44 - root - INFO: - 等待结束，等待时长为：0:00:00.639471
2021-02-02 21:59:44 - root - INFO: - 查找元素：id,com.nowcoder.app.florida:id/goto_oversea_page
2021-02-02 21:59:44 - root - INFO: - 点击元素：id,com.nowcoder.app.florida:id/goto_oversea_page
2021-02-02 21:59:44 - root - INFO: - 查找元素：id,com.nowcoder.app.florida:id/country_textview
2021-02-02 21:59:45 - root - INFO: - 点击元素：id,com.nowcoder.app.florida:id/country_textview
2021-02-02 21:59:45 - root - INFO: - 等待元素 id,com.nowcoder.app.florida:id/item_relative 可见
2021-02-02 21:59:46 - root - INFO: - 等待结束，等待时长为：0:00:01.743410
2021-02-02 21:59:46 - root - INFO: - 点击元素：id,com.nowcoder.app.florida:id/item_relative
2021-02-02 21:59:47 - root - INFO: - 等待元素 id,com.nowcoder.app.florida:id/loginnumber_phones 可见
2021-02-02 21:59:48 - root - INFO: - 等待结束，等待时长为：0:00:01.245815
2021-02-02 21:59:48 - root - INFO: - 查找元素：id,com.nowcoder.app.florida:id/loginnumber_phones
2021-02-02 21:59:48 - root - INFO: - 输入数据：
2021-02-02 21:59:48 - root - INFO: - 查找元素：id,com.nowcoder.app.florida:id/loginnumber_password
2021-02-02 21:59:49 - root - INFO: - 输入数据：
2021-02-02 21:59:49 - root - INFO: - 查找元素：id,com.nowcoder.app.florida:id/go_numberlogin
2021-02-02 21:59:49 - root - INFO: - 点击元素：id,com.nowcoder.app.florida:id/go_numberlogin
2021-02-02 21:59:50 - root - INFO: - 等待元素 id,com.nowcoder.app.florida:id/loginnumber_phones 可见
2021-02-02 21:59:51 - root - INFO: - 等待结束，等待时长为：0:00:00.087867
2021-02-02 21:59:51 - root - INFO: - 查找元素：id,com.nowcoder.app.florida:id/loginnumber_phones
2021-02-02 21:59:51 - root - INFO: - 输入数据：   
2021-02-02 21:59:51 - root - INFO: - 查找元素：id,com.nowcoder.app.florida:id/loginnumber_password
2021-02-02 21:59:52 - root - INFO: - 输入数据：123456
2021-02-02 21:59:52 - root - INFO: - 查找元素：id,com.nowcoder.app.florida:id/go_numberlogin
2021-02-02 21:59:52 - root - INFO: - 点击元素：id,com.nowcoder.app.florida:id/go_numberlogin
2021-02-02 21:59:53 - root - INFO: - 等待元素 id,com.nowcoder.app.florida:id/loginnumber_phones 可见
2021-02-02 21:59:53 - root - INFO: - 等待结束，等待时长为：0:00:00.047881
2021-02-02 21:59:53 - root - INFO: - 查找元素：id,com.nowcoder.app.florida:id/loginnumber_phones
2021-02-02 21:59:53 - root - INFO: - 输入数据：5678250990
2021-02-02 21:59:54 - root - INFO: - 查找元素：id,com.nowcoder.app.florida:id/loginnumber_password
2021-02-02 21:59:54 - root - INFO: - 输入数据：
2021-02-02 21:59:54 - root - INFO: - 查找元素：id,com.nowcoder.app.florida:id/go_numberlogin
2021-02-02 21:59:55 - root - INFO: - 点击元素：id,com.nowcoder.app.florida:id/go_numberlogin
2021-02-02 21:59:56 - root - INFO: - 等待元素 id,com.nowcoder.app.florida:id/loginnumber_phones 可见
2021-02-02 21:59:56 - root - INFO: - 等待结束，等待时长为：0:00:00.063459
2021-02-02 21:59:56 - root - INFO: - 查找元素：id,com.nowcoder.app.florida:id/loginnumber_phones
2021-02-02 21:59:56 - root - INFO: - 输入数据：111
2021-02-02 21:59:57 - root - INFO: - 查找元素：id,com.nowcoder.app.florida:id/loginnumber_password
2021-02-02 21:59:57 - root - INFO: - 输入数据：111
2021-02-02 21:59:57 - root - INFO: - 查找元素：id,com.nowcoder.app.florida:id/go_numberlogin
2021-02-02 21:59:58 - root - INFO: - 点击元素：id,com.nowcoder.app.florida:id/go_numberlogin
2021-02-02 22:00:08 - root - INFO: - 等待元素 id,com.nowcoder.app.florida:id/loginnumber_phones 可见
2021-02-02 22:00:08 - root - INFO: - 等待结束，等待时长为：0:00:00.044908
2021-02-02 22:00:08 - root - INFO: - 查找元素：id,com.nowcoder.app.florida:id/loginnumber_phones
2021-02-02 22:00:08 - root - INFO: - 输入数据：111qw
2021-02-02 22:00:08 - root - INFO: - 查找元素：id,com.nowcoder.app.florida:id/loginnumber_password
2021-02-02 22:00:09 - root - INFO: - 输入数据：111
2021-02-02 22:00:09 - root - INFO: - 查找元素：id,com.nowcoder.app.florida:id/go_numberlogin
2021-02-02 22:00:09 - root - INFO: - 点击元素：id,com.nowcoder.app.florida:id/go_numberlogin
2021-02-02 22:00:10 - root - INFO: - 等待元素 id,com.nowcoder.app.florida:id/loginnumber_phones 可见
2021-02-02 22:00:10 - root - INFO: - 等待结束，等待时长为：0:00:00.048818
2021-02-02 22:00:10 - root - INFO: - 查找元素：id,com.nowcoder.app.florida:id/loginnumber_phones
2021-02-02 22:00:10 - root - INFO: - 输入数据：5678250990
2021-02-02 22:00:11 - root - INFO: - 查找元素：id,com.nowcoder.app.florida:id/loginnumber_password
2021-02-02 22:00:11 - root - INFO: - 输入数据：Aa112211
2021-02-02 22:00:11 - root - INFO: - 查找元素：id,com.nowcoder.app.florida:id/go_numberlogin
2021-02-02 22:00:12 - root - INFO: - 点击元素：id,com.nowcoder.app.florida:id/go_numberlogin
2021-02-02 22:00:12 - root - INFO: - 等待元素 id,com.nowcoder.app.florida:id/tab_profile 可见
2021-02-02 22:00:21 - root - INFO: - 等待结束，等待时长为：0:00:09.101183
2021-02-02 22:00:21 - root - INFO: - 查找元素：id,com.nowcoder.app.florida:id/tab_profile
2021-02-02 22:00:23 - root - INFO: - 点击元素：id,com.nowcoder.app.florida:id/tab_profile
2021-02-02 22:00:23 - root - INFO: - 查找元素：id,com.nowcoder.app.florida:id/setting_layout
2021-02-02 22:00:25 - root - INFO: - 点击元素：id,com.nowcoder.app.florida:id/setting_layout
2021-02-02 22:00:28 - root - INFO: - 等待元素 id,com.nowcoder.app.florida:id/logout_text_view 可见
2021-02-02 22:00:29 - root - INFO: - 等待结束，等待时长为：0:00:00.097161
2021-02-02 22:00:30 - root - INFO: - 等待元素 id,com.nowcoder.app.florida:id/logout_text_view 可见
2021-02-02 22:00:30 - root - INFO: - 等待结束，等待时长为：0:00:00.081033
2021-02-02 22:00:30 - root - INFO: - 查找元素：id,com.nowcoder.app.florida:id/logout_text_view
2021-02-02 22:00:30 - root - INFO: - 点击元素：id,com.nowcoder.app.florida:id/logout_text_view
