2021-02-05 15:57:24 - root - INFO: - 等待元素: id,com.nowcoder.app.florida:id/gotoLoginView
2021-02-05 15:57:26 - root - INFO: - 等待结束，等待时长为：0:00:01.343379
2021-02-05 15:57:26 - root - INFO: - 查找元素：id,com.nowcoder.app.florida:id/gotoLoginView
2021-02-05 15:57:26 - root - INFO: - 点击元素：id,com.nowcoder.app.florida:id/gotoLoginView
2021-02-05 15:57:27 - root - INFO: - 等待元素: id,com.nowcoder.app.florida:id/btn_switch_veritype
2021-02-05 15:57:27 - root - INFO: - 等待结束，等待时长为：0:00:00.057033
2021-02-05 15:57:27 - root - INFO: - 查找元素：id,com.nowcoder.app.florida:id/btn_switch_veritype
2021-02-05 15:57:27 - root - INFO: - 点击元素：id,com.nowcoder.app.florida:id/btn_switch_veritype
2021-02-05 15:57:27 - root - INFO: - 等待元素: id,com.nowcoder.app.florida:id/goto_oversea_page
2021-02-05 15:57:28 - root - INFO: - 等待结束，等待时长为：0:00:00.647459
2021-02-05 15:57:28 - root - INFO: - 查找元素：id,com.nowcoder.app.florida:id/goto_oversea_page
2021-02-05 15:57:28 - root - INFO: - 点击元素：id,com.nowcoder.app.florida:id/goto_oversea_page
2021-02-05 15:57:28 - root - INFO: - 查找元素：id,com.nowcoder.app.florida:id/country_textview
2021-02-05 15:57:28 - root - INFO: - 点击元素：id,com.nowcoder.app.florida:id/country_textview
2021-02-05 15:57:28 - root - INFO: - 等待元素: id,com.nowcoder.app.florida:id/item_relative
2021-02-05 15:57:30 - root - INFO: - 等待结束，等待时长为：0:00:01.857677
2021-02-05 15:57:30 - root - INFO: - 点击元素：id,com.nowcoder.app.florida:id/item_relative
2021-02-05 15:57:30 - root - INFO: - 等待元素: id,com.nowcoder.app.florida:id/loginnumber_phones
2021-02-05 15:57:31 - root - INFO: - 等待结束，等待时长为：0:00:01.225259
2021-02-05 15:57:31 - root - INFO: - 查找元素：id,com.nowcoder.app.florida:id/loginnumber_phones
2021-02-05 15:57:31 - root - INFO: - 输入数据：
2021-02-05 15:57:32 - root - INFO: - 查找元素：id,com.nowcoder.app.florida:id/loginnumber_password
2021-02-05 15:57:33 - root - INFO: - 输入数据：
2021-02-05 15:57:33 - root - INFO: - 查找元素：id,com.nowcoder.app.florida:id/go_numberlogin
2021-02-05 15:57:33 - root - INFO: - 点击元素：id,com.nowcoder.app.florida:id/go_numberlogin
2021-02-05 15:57:34 - root - INFO: - 等待元素: id,com.nowcoder.app.florida:id/loginnumber_phones
2021-02-05 15:57:34 - root - INFO: - 等待结束，等待时长为：0:00:00.041982
2021-02-05 15:57:34 - root - INFO: - 查找元素：id,com.nowcoder.app.florida:id/loginnumber_phones
2021-02-05 15:57:34 - root - INFO: - 输入数据：   
2021-02-05 15:57:35 - root - INFO: - 查找元素：id,com.nowcoder.app.florida:id/loginnumber_password
2021-02-05 15:57:35 - root - INFO: - 输入数据：123456
2021-02-05 15:57:35 - root - INFO: - 查找元素：id,com.nowcoder.app.florida:id/go_numberlogin
2021-02-05 15:57:36 - root - INFO: - 点击元素：id,com.nowcoder.app.florida:id/go_numberlogin
2021-02-05 15:57:36 - root - INFO: - 等待元素: id,com.nowcoder.app.florida:id/loginnumber_phones
2021-02-05 15:57:37 - root - INFO: - 等待结束，等待时长为：0:00:00.041982
2021-02-05 15:57:37 - root - INFO: - 查找元素：id,com.nowcoder.app.florida:id/loginnumber_phones
2021-02-05 15:57:37 - root - INFO: - 输入数据：5678250990
2021-02-05 15:57:37 - root - INFO: - 查找元素：id,com.nowcoder.app.florida:id/loginnumber_password
2021-02-05 15:57:38 - root - INFO: - 输入数据：
2021-02-05 15:57:38 - root - INFO: - 查找元素：id,com.nowcoder.app.florida:id/go_numberlogin
2021-02-05 15:57:38 - root - INFO: - 点击元素：id,com.nowcoder.app.florida:id/go_numberlogin
2021-02-05 15:57:39 - root - INFO: - 等待元素: id,com.nowcoder.app.florida:id/loginnumber_phones
2021-02-05 15:57:39 - root - INFO: - 等待结束，等待时长为：0:00:00.044910
2021-02-05 15:57:39 - root - INFO: - 查找元素：id,com.nowcoder.app.florida:id/loginnumber_phones
2021-02-05 15:57:39 - root - INFO: - 输入数据：111
2021-02-05 15:57:40 - root - INFO: - 查找元素：id,com.nowcoder.app.florida:id/loginnumber_password
2021-02-05 15:57:40 - root - INFO: - 输入数据：111
2021-02-05 15:57:40 - root - INFO: - 查找元素：id,com.nowcoder.app.florida:id/go_numberlogin
2021-02-05 15:57:41 - root - INFO: - 点击元素：id,com.nowcoder.app.florida:id/go_numberlogin
2021-02-05 15:57:42 - root - INFO: - 等待元素: id,com.nowcoder.app.florida:id/loginnumber_phones
2021-02-05 15:57:42 - root - INFO: - 等待结束，等待时长为：0:00:00.052718
2021-02-05 15:57:42 - root - INFO: - 查找元素：id,com.nowcoder.app.florida:id/loginnumber_phones
2021-02-05 15:57:42 - root - INFO: - 输入数据：111qw
2021-02-05 15:57:43 - root - INFO: - 查找元素：id,com.nowcoder.app.florida:id/loginnumber_password
2021-02-05 15:57:43 - root - INFO: - 输入数据：111
2021-02-05 15:57:43 - root - INFO: - 查找元素：id,com.nowcoder.app.florida:id/go_numberlogin
2021-02-05 15:57:44 - root - INFO: - 点击元素：id,com.nowcoder.app.florida:id/go_numberlogin
2021-02-05 15:57:45 - root - INFO: - 等待元素: id,com.nowcoder.app.florida:id/loginnumber_phones
2021-02-05 15:57:45 - root - INFO: - 等待结束，等待时长为：0:00:00.048815
2021-02-05 15:57:45 - root - INFO: - 查找元素：id,com.nowcoder.app.florida:id/loginnumber_phones
2021-02-05 15:57:45 - root - INFO: - 输入数据：5678250990
2021-02-05 15:57:46 - root - INFO: - 查找元素：id,com.nowcoder.app.florida:id/loginnumber_password
2021-02-05 15:57:46 - root - INFO: - 输入数据：Aa112211
2021-02-05 15:57:46 - root - INFO: - 查找元素：id,com.nowcoder.app.florida:id/go_numberlogin
2021-02-05 15:57:47 - root - INFO: - 点击元素：id,com.nowcoder.app.florida:id/go_numberlogin
2021-02-05 15:57:47 - root - INFO: - 等待元素: id,com.nowcoder.app.florida:id/tab_profile
2021-02-05 15:57:59 - root - INFO: - 等待结束，等待时长为：0:00:11.943935
2021-02-05 15:57:59 - root - INFO: - 查找元素：id,com.nowcoder.app.florida:id/tab_profile
2021-02-05 15:57:59 - root - INFO: - 点击元素：id,com.nowcoder.app.florida:id/tab_profile
2021-02-05 15:57:59 - root - INFO: - 查找元素：id,com.nowcoder.app.florida:id/setting_layout
2021-02-05 15:58:01 - root - INFO: - 点击元素：id,com.nowcoder.app.florida:id/setting_layout
2021-02-05 15:58:06 - root - INFO: - 等待元素: id,com.nowcoder.app.florida:id/logout_text_view
2021-02-05 15:58:06 - root - INFO: - 等待结束，等待时长为：0:00:00.089817
2021-02-05 15:58:07 - root - INFO: - 等待元素: id,com.nowcoder.app.florida:id/logout_text_view
2021-02-05 15:58:08 - root - INFO: - 等待结束，等待时长为：0:00:00.086887
2021-02-05 15:58:08 - root - INFO: - 查找元素：id,com.nowcoder.app.florida:id/logout_text_view
2021-02-05 15:58:08 - root - INFO: - 点击元素：id,com.nowcoder.app.florida:id/logout_text_view
