2021-02-04 16:34:57 - root - INFO: - 等待元素: id,com.nowcoder.app.florida:id/gotoLoginView
2021-02-04 16:34:59 - root - INFO: - 等待结束，等待时长为：0:00:01.236964
2021-02-04 16:34:59 - root - INFO: - 查找元素：id,com.nowcoder.app.florida:id/gotoLoginView
2021-02-04 16:34:59 - root - INFO: - 点击元素：id,com.nowcoder.app.florida:id/gotoLoginView
2021-02-04 16:34:59 - root - INFO: - 等待元素: id,com.nowcoder.app.florida:id/btn_switch_veritype
2021-02-04 16:35:01 - root - INFO: - 等待结束，等待时长为：0:00:02.660251
2021-02-04 16:35:01 - root - INFO: - 查找元素：id,com.nowcoder.app.florida:id/btn_switch_veritype
2021-02-04 16:35:02 - root - INFO: - 点击元素：id,com.nowcoder.app.florida:id/btn_switch_veritype
2021-02-04 16:35:02 - root - INFO: - 等待元素: id,com.nowcoder.app.florida:id/goto_oversea_page
2021-02-04 16:35:02 - root - INFO: - 等待结束，等待时长为：0:00:00.648556
2021-02-04 16:35:02 - root - INFO: - 查找元素：id,com.nowcoder.app.florida:id/goto_oversea_page
2021-02-04 16:35:02 - root - INFO: - 点击元素：id,com.nowcoder.app.florida:id/goto_oversea_page
2021-02-04 16:35:02 - root - INFO: - 查找元素：id,com.nowcoder.app.florida:id/country_textview
2021-02-04 16:35:03 - root - INFO: - 点击元素：id,com.nowcoder.app.florida:id/country_textview
2021-02-04 16:35:03 - root - INFO: - 等待元素: id,com.nowcoder.app.florida:id/item_relative
2021-02-04 16:35:05 - root - INFO: - 等待结束，等待时长为：0:00:01.833312
2021-02-04 16:35:05 - root - INFO: - 点击元素：id,com.nowcoder.app.florida:id/item_relative
2021-02-04 16:35:05 - root - INFO: - 等待元素: id,com.nowcoder.app.florida:id/loginnumber_phones
2021-02-04 16:35:06 - root - INFO: - 等待结束，等待时长为：0:00:01.273976
2021-02-04 16:35:06 - root - INFO: - 查找元素：id,com.nowcoder.app.florida:id/loginnumber_phones
2021-02-04 16:35:06 - root - INFO: - 输入数据：5678250990
2021-02-04 16:35:07 - root - INFO: - 查找元素：id,com.nowcoder.app.florida:id/loginnumber_password
2021-02-04 16:35:07 - root - INFO: - 输入数据：Aa112211
2021-02-04 16:35:07 - root - INFO: - 查找元素：id,com.nowcoder.app.florida:id/go_numberlogin
2021-02-04 16:35:08 - root - INFO: - 点击元素：id,com.nowcoder.app.florida:id/go_numberlogin
2021-02-04 16:35:08 - root - INFO: - 等待元素: id,com.nowcoder.app.florida:id/tab_profile
2021-02-04 16:35:29 - root - ERROR: - 等待 id,com.nowcoder.app.florida:id/tab_profile 元素可见失败！！！
Traceback (most recent call last):
  File "D:\Projects\PythonAppium\Common\basepage.py", line 63, in wait_eleVisible
    WebDriverWait(self.driver, 20).until(EC.visibility_of_element_located(loc))
  File "C:\Program Files\Python36\lib\site-packages\selenium\webdriver\support\wait.py", line 80, in until
    raise TimeoutException(message, screen, stacktrace)
selenium.common.exceptions.TimeoutException: Message: 

2021-02-04 16:35:29 - root - INFO: - 等待元素: id,com.nowcoder.app.florida:id/loginnumber_phones
2021-02-04 16:35:50 - root - ERROR: - 等待 id,com.nowcoder.app.florida:id/loginnumber_phones 元素可见失败！！！
Traceback (most recent call last):
  File "D:\Projects\PythonAppium\Common\basepage.py", line 63, in wait_eleVisible
    WebDriverWait(self.driver, 20).until(EC.visibility_of_element_located(loc))
  File "C:\Program Files\Python36\lib\site-packages\selenium\webdriver\support\wait.py", line 80, in until
    raise TimeoutException(message, screen, stacktrace)
selenium.common.exceptions.TimeoutException: Message: 

2021-02-04 16:35:50 - root - INFO: - 等待元素: id,com.nowcoder.app.florida:id/loginnumber_phones
2021-02-04 16:36:10 - root - ERROR: - 等待 id,com.nowcoder.app.florida:id/loginnumber_phones 元素可见失败！！！
Traceback (most recent call last):
  File "D:\Projects\PythonAppium\Common\basepage.py", line 63, in wait_eleVisible
    WebDriverWait(self.driver, 20).until(EC.visibility_of_element_located(loc))
  File "C:\Program Files\Python36\lib\site-packages\selenium\webdriver\support\wait.py", line 80, in until
    raise TimeoutException(message, screen, stacktrace)
selenium.common.exceptions.TimeoutException: Message: 

2021-02-04 16:36:10 - root - INFO: - 等待元素: id,com.nowcoder.app.florida:id/loginnumber_phones
2021-02-04 16:36:31 - root - ERROR: - 等待 id,com.nowcoder.app.florida:id/loginnumber_phones 元素可见失败！！！
Traceback (most recent call last):
  File "D:\Projects\PythonAppium\Common\basepage.py", line 63, in wait_eleVisible
    WebDriverWait(self.driver, 20).until(EC.visibility_of_element_located(loc))
  File "C:\Program Files\Python36\lib\site-packages\selenium\webdriver\support\wait.py", line 80, in until
    raise TimeoutException(message, screen, stacktrace)
selenium.common.exceptions.TimeoutException: Message: 

2021-02-04 16:36:31 - root - INFO: - 等待元素: id,com.nowcoder.app.florida:id/loginnumber_phones
2021-02-04 16:36:51 - root - ERROR: - 等待 id,com.nowcoder.app.florida:id/loginnumber_phones 元素可见失败！！！
Traceback (most recent call last):
  File "D:\Projects\PythonAppium\Common\basepage.py", line 63, in wait_eleVisible
    WebDriverWait(self.driver, 20).until(EC.visibility_of_element_located(loc))
  File "C:\Program Files\Python36\lib\site-packages\selenium\webdriver\support\wait.py", line 80, in until
    raise TimeoutException(message, screen, stacktrace)
selenium.common.exceptions.TimeoutException: Message: 

2021-02-04 16:36:51 - root - INFO: - 等待元素: id,com.nowcoder.app.florida:id/loginnumber_phones
