2021-02-04 16:49:58 - root - INFO: - 等待元素: id,com.nowcoder.app.florida:id/gotoLoginView
2021-02-04 16:50:00 - root - INFO: - 等待结束，等待时长为：0:00:01.547429
2021-02-04 16:50:00 - root - INFO: - 查找元素：id,com.nowcoder.app.florida:id/gotoLoginView
2021-02-04 16:50:00 - root - INFO: - 点击元素：id,com.nowcoder.app.florida:id/gotoLoginView
2021-02-04 16:50:00 - root - INFO: - 等待元素: id,com.nowcoder.app.florida:id/btn_switch_veritype
2021-02-04 16:50:03 - root - INFO: - 等待结束，等待时长为：0:00:03.054047
2021-02-04 16:50:03 - root - INFO: - 查找元素：id,com.nowcoder.app.florida:id/btn_switch_veritype
2021-02-04 16:50:03 - root - INFO: - 点击元素：id,com.nowcoder.app.florida:id/btn_switch_veritype
2021-02-04 16:50:03 - root - INFO: - 等待元素: id,com.nowcoder.app.florida:id/goto_oversea_page
2021-02-04 16:50:04 - root - INFO: - 等待结束，等待时长为：0:00:00.660098
2021-02-04 16:50:04 - root - INFO: - 查找元素：id,com.nowcoder.app.florida:id/goto_oversea_page
2021-02-04 16:50:04 - root - INFO: - 点击元素：id,com.nowcoder.app.florida:id/goto_oversea_page
2021-02-04 16:50:04 - root - INFO: - 查找元素：id,com.nowcoder.app.florida:id/country_textview
2021-02-04 16:50:04 - root - INFO: - 点击元素：id,com.nowcoder.app.florida:id/country_textview
2021-02-04 16:50:04 - root - INFO: - 等待元素: id,com.nowcoder.app.florida:id/item_relative
2021-02-04 16:50:06 - root - INFO: - 等待结束，等待时长为：0:00:02.056115
2021-02-04 16:50:06 - root - INFO: - 点击元素：id,com.nowcoder.app.florida:id/item_relative
2021-02-04 16:50:06 - root - INFO: - 等待元素: id,com.nowcoder.app.florida:id/loginnumber_phones
2021-02-04 16:50:08 - root - INFO: - 等待结束，等待时长为：0:00:01.221336
2021-02-04 16:50:08 - root - INFO: - 查找元素：id,com.nowcoder.app.florida:id/loginnumber_phones
2021-02-04 16:50:08 - root - INFO: - 输入数据：
2021-02-04 16:50:08 - root - INFO: - 查找元素：id,com.nowcoder.app.florida:id/loginnumber_password
2021-02-04 16:50:09 - root - INFO: - 输入数据：
2021-02-04 16:50:09 - root - INFO: - 查找元素：id,com.nowcoder.app.florida:id/go_numberlogin
2021-02-04 16:50:09 - root - INFO: - 点击元素：id,com.nowcoder.app.florida:id/go_numberlogin
2021-02-04 16:50:10 - root - INFO: - 等待元素: id,com.nowcoder.app.florida:id/loginnumber_phones
2021-02-04 16:50:10 - root - INFO: - 等待结束，等待时长为：0:00:00.059553
2021-02-04 16:50:10 - root - INFO: - 查找元素：id,com.nowcoder.app.florida:id/loginnumber_phones
2021-02-04 16:50:10 - root - INFO: - 输入数据：   
2021-02-04 16:50:11 - root - INFO: - 查找元素：id,com.nowcoder.app.florida:id/loginnumber_password
2021-02-04 16:50:11 - root - INFO: - 输入数据：123456
2021-02-04 16:50:11 - root - INFO: - 查找元素：id,com.nowcoder.app.florida:id/go_numberlogin
2021-02-04 16:50:12 - root - INFO: - 点击元素：id,com.nowcoder.app.florida:id/go_numberlogin
2021-02-04 16:50:13 - root - INFO: - 等待元素: id,com.nowcoder.app.florida:id/loginnumber_phones
2021-02-04 16:50:13 - root - INFO: - 等待结束，等待时长为：0:00:00.041979
2021-02-04 16:50:13 - root - INFO: - 查找元素：id,com.nowcoder.app.florida:id/loginnumber_phones
2021-02-04 16:50:13 - root - INFO: - 输入数据：5678250990
2021-02-04 16:50:13 - root - INFO: - 查找元素：id,com.nowcoder.app.florida:id/loginnumber_password
2021-02-04 16:50:14 - root - INFO: - 输入数据：
2021-02-04 16:50:14 - root - INFO: - 查找元素：id,com.nowcoder.app.florida:id/go_numberlogin
2021-02-04 16:50:14 - root - INFO: - 点击元素：id,com.nowcoder.app.florida:id/go_numberlogin
2021-02-04 16:50:15 - root - INFO: - 等待元素: id,com.nowcoder.app.florida:id/loginnumber_phones
2021-02-04 16:50:15 - root - INFO: - 等待结束，等待时长为：0:00:00.045885
2021-02-04 16:50:15 - root - INFO: - 查找元素：id,com.nowcoder.app.florida:id/loginnumber_phones
2021-02-04 16:50:15 - root - INFO: - 输入数据：111
2021-02-04 16:50:16 - root - INFO: - 查找元素：id,com.nowcoder.app.florida:id/loginnumber_password
2021-02-04 16:50:16 - root - INFO: - 输入数据：111
2021-02-04 16:50:16 - root - INFO: - 查找元素：id,com.nowcoder.app.florida:id/go_numberlogin
2021-02-04 16:50:17 - root - INFO: - 点击元素：id,com.nowcoder.app.florida:id/go_numberlogin
2021-02-04 16:50:18 - root - INFO: - 等待元素: id,com.nowcoder.app.florida:id/loginnumber_phones
2021-02-04 16:50:18 - root - INFO: - 等待结束，等待时长为：0:00:00.053694
2021-02-04 16:50:18 - root - INFO: - 查找元素：id,com.nowcoder.app.florida:id/loginnumber_phones
2021-02-04 16:50:18 - root - INFO: - 输入数据：111qw
2021-02-04 16:50:19 - root - INFO: - 查找元素：id,com.nowcoder.app.florida:id/loginnumber_password
2021-02-04 16:50:19 - root - INFO: - 输入数据：111
2021-02-04 16:50:19 - root - INFO: - 查找元素：id,com.nowcoder.app.florida:id/go_numberlogin
2021-02-04 16:50:20 - root - INFO: - 点击元素：id,com.nowcoder.app.florida:id/go_numberlogin
2021-02-04 16:50:22 - root - INFO: - 等待元素: id,com.nowcoder.app.florida:id/logout_text_view
2021-02-04 16:50:43 - root - ERROR: - 等待 id,com.nowcoder.app.florida:id/logout_text_view 元素可见失败！！！
Traceback (most recent call last):
  File "D:\Projects\PythonAppium\Common\basepage.py", line 63, in wait_eleVisible
    WebDriverWait(self.driver, 20).until(EC.visibility_of_element_located(loc))
  File "C:\Program Files\Python36\lib\site-packages\selenium\webdriver\support\wait.py", line 80, in until
    raise TimeoutException(message, screen, stacktrace)
selenium.common.exceptions.TimeoutException: Message: 

