2021-02-02 22:03:20 - root - INFO: - 等待元素: id,com.nowcoder.app.florida:id/gotoLoginView
2021-02-02 22:03:21 - root - INFO: - 等待结束，等待时长为：0:00:01.199866
2021-02-02 22:03:21 - root - INFO: - 查找元素：id,com.nowcoder.app.florida:id/gotoLoginView
2021-02-02 22:03:21 - root - INFO: - 点击元素：id,com.nowcoder.app.florida:id/gotoLoginView
2021-02-02 22:03:21 - root - INFO: - 等待元素: id,com.nowcoder.app.florida:id/btn_switch_veritype
2021-02-02 22:03:23 - root - INFO: - 等待结束，等待时长为：0:00:02.065261
2021-02-02 22:03:23 - root - INFO: - 查找元素：id,com.nowcoder.app.florida:id/btn_switch_veritype
2021-02-02 22:03:23 - root - INFO: - 点击元素：id,com.nowcoder.app.florida:id/btn_switch_veritype
2021-02-02 22:03:23 - root - INFO: - 等待元素: id,com.nowcoder.app.florida:id/goto_oversea_page
2021-02-02 22:03:24 - root - INFO: - 等待结束，等待时长为：0:00:00.657817
2021-02-02 22:03:24 - root - INFO: - 查找元素：id,com.nowcoder.app.florida:id/goto_oversea_page
2021-02-02 22:03:24 - root - INFO: - 点击元素：id,com.nowcoder.app.florida:id/goto_oversea_page
2021-02-02 22:03:24 - root - INFO: - 查找元素：id,com.nowcoder.app.florida:id/country_textview
2021-02-02 22:03:25 - root - INFO: - 点击元素：id,com.nowcoder.app.florida:id/country_textview
2021-02-02 22:03:25 - root - INFO: - 等待元素: id,com.nowcoder.app.florida:id/item_relative
2021-02-02 22:03:26 - root - INFO: - 等待结束，等待时长为：0:00:01.821161
2021-02-02 22:03:26 - root - INFO: - 点击元素：id,com.nowcoder.app.florida:id/item_relative
2021-02-02 22:03:26 - root - INFO: - 等待元素: id,com.nowcoder.app.florida:id/loginnumber_phones
2021-02-02 22:03:28 - root - INFO: - 等待结束，等待时长为：0:00:01.227861
2021-02-02 22:03:28 - root - INFO: - 查找元素：id,com.nowcoder.app.florida:id/loginnumber_phones
2021-02-02 22:03:28 - root - INFO: - 输入数据：
2021-02-02 22:03:28 - root - INFO: - 查找元素：id,com.nowcoder.app.florida:id/loginnumber_password
2021-02-02 22:03:29 - root - INFO: - 输入数据：
2021-02-02 22:03:29 - root - INFO: - 查找元素：id,com.nowcoder.app.florida:id/go_numberlogin
2021-02-02 22:03:29 - root - INFO: - 点击元素：id,com.nowcoder.app.florida:id/go_numberlogin
2021-02-02 22:03:30 - root - INFO: - 等待元素: id,com.nowcoder.app.florida:id/loginnumber_phones
2021-02-02 22:03:30 - root - INFO: - 等待结束，等待时长为：0:00:00.041004
2021-02-02 22:03:30 - root - INFO: - 查找元素：id,com.nowcoder.app.florida:id/loginnumber_phones
2021-02-02 22:03:30 - root - INFO: - 输入数据：   
2021-02-02 22:03:31 - root - INFO: - 查找元素：id,com.nowcoder.app.florida:id/loginnumber_password
2021-02-02 22:03:31 - root - INFO: - 输入数据：123456
2021-02-02 22:03:31 - root - INFO: - 查找元素：id,com.nowcoder.app.florida:id/go_numberlogin
2021-02-02 22:03:32 - root - INFO: - 点击元素：id,com.nowcoder.app.florida:id/go_numberlogin
2021-02-02 22:03:33 - root - INFO: - 等待元素: id,com.nowcoder.app.florida:id/loginnumber_phones
2021-02-02 22:03:33 - root - INFO: - 等待结束，等待时长为：0:00:00.034170
2021-02-02 22:03:33 - root - INFO: - 查找元素：id,com.nowcoder.app.florida:id/loginnumber_phones
2021-02-02 22:03:33 - root - INFO: - 输入数据：5678250990
2021-02-02 22:03:33 - root - INFO: - 查找元素：id,com.nowcoder.app.florida:id/loginnumber_password
2021-02-02 22:03:34 - root - INFO: - 输入数据：
2021-02-02 22:03:34 - root - INFO: - 查找元素：id,com.nowcoder.app.florida:id/go_numberlogin
2021-02-02 22:03:34 - root - INFO: - 点击元素：id,com.nowcoder.app.florida:id/go_numberlogin
2021-02-02 22:03:35 - root - INFO: - 等待元素: id,com.nowcoder.app.florida:id/loginnumber_phones
2021-02-02 22:03:35 - root - INFO: - 等待结束，等待时长为：0:00:00.037099
2021-02-02 22:03:35 - root - INFO: - 查找元素：id,com.nowcoder.app.florida:id/loginnumber_phones
2021-02-02 22:03:35 - root - INFO: - 输入数据：111
2021-02-02 22:03:36 - root - INFO: - 查找元素：id,com.nowcoder.app.florida:id/loginnumber_password
2021-02-02 22:03:36 - root - INFO: - 输入数据：111
2021-02-02 22:03:36 - root - INFO: - 查找元素：id,com.nowcoder.app.florida:id/go_numberlogin
2021-02-02 22:03:37 - root - INFO: - 点击元素：id,com.nowcoder.app.florida:id/go_numberlogin
2021-02-02 22:03:47 - root - INFO: - 等待元素: id,com.nowcoder.app.florida:id/loginnumber_phones
2021-02-02 22:03:47 - root - INFO: - 等待结束，等待时长为：0:00:00.038076
2021-02-02 22:03:47 - root - INFO: - 查找元素：id,com.nowcoder.app.florida:id/loginnumber_phones
2021-02-02 22:03:47 - root - INFO: - 输入数据：111qw
2021-02-02 22:03:47 - root - INFO: - 查找元素：id,com.nowcoder.app.florida:id/loginnumber_password
2021-02-02 22:03:48 - root - INFO: - 输入数据：111
2021-02-02 22:03:48 - root - INFO: - 查找元素：id,com.nowcoder.app.florida:id/go_numberlogin
2021-02-02 22:03:48 - root - INFO: - 点击元素：id,com.nowcoder.app.florida:id/go_numberlogin
2021-02-02 22:03:49 - root - INFO: - 等待元素: id,com.nowcoder.app.florida:id/loginnumber_phones
2021-02-02 22:03:49 - root - INFO: - 等待结束，等待时长为：0:00:00.036636
2021-02-02 22:03:49 - root - INFO: - 查找元素：id,com.nowcoder.app.florida:id/loginnumber_phones
2021-02-02 22:03:49 - root - INFO: - 输入数据：5678250990
2021-02-02 22:03:50 - root - INFO: - 查找元素：id,com.nowcoder.app.florida:id/loginnumber_password
2021-02-02 22:03:50 - root - INFO: - 输入数据：Aa112211
2021-02-02 22:03:50 - root - INFO: - 查找元素：id,com.nowcoder.app.florida:id/go_numberlogin
2021-02-02 22:03:51 - root - INFO: - 点击元素：id,com.nowcoder.app.florida:id/go_numberlogin
2021-02-02 22:03:51 - root - INFO: - 等待元素: id,com.nowcoder.app.florida:id/tab_profile
2021-02-02 22:03:58 - root - INFO: - 等待结束，等待时长为：0:00:07.240168
2021-02-02 22:03:58 - root - INFO: - 查找元素：id,com.nowcoder.app.florida:id/tab_profile
2021-02-02 22:03:59 - root - INFO: - 点击元素：id,com.nowcoder.app.florida:id/tab_profile
2021-02-02 22:04:01 - root - INFO: - 查找元素：id,com.nowcoder.app.florida:id/setting_layout
2021-02-02 22:04:01 - root - INFO: - 点击元素：id,com.nowcoder.app.florida:id/setting_layout
2021-02-02 22:04:04 - root - INFO: - 等待元素: id,com.nowcoder.app.florida:id/logout_text_view
2021-02-02 22:04:04 - root - INFO: - 等待结束，等待时长为：0:00:00.139609
2021-02-02 22:04:05 - root - INFO: - 等待元素: id,com.nowcoder.app.florida:id/logout_text_view
2021-02-02 22:04:05 - root - INFO: - 等待结束，等待时长为：0:00:00.093723
2021-02-02 22:04:05 - root - INFO: - 查找元素：id,com.nowcoder.app.florida:id/logout_text_view
2021-02-02 22:04:06 - root - INFO: - 点击元素：id,com.nowcoder.app.florida:id/logout_text_view
